 .-EFH-Weapons - Aki mod: Load succeeded
 !-spt-local-db-website - Aki mod: Load failed with message "Error: Cannot find module 'C:\Users\armyo\OneDrive\Documents\GitHub\Escape-From-Hell-Backend\built server/user/mods/spt-local-db-website/src/mod.js'
Require stack:
- C:\snapshot\Tarkov-Server\src\AkiModSupport\AkiModLoader.js
- C:\snapshot\Tarkov-Server\core\server\mods.js
- C:\snapshot\Tarkov-Server\core\initializer.js
- C:\snapshot\Tarkov-Server\core\main.js
- C:\snapshot\Tarkov-Server\bin\www.js"
 !-Tried to load session AID7806d4ac2df6166659606725 but it wasn't cached, loading.
 .-Loaded dialogues for AID AID7806d4ac2df6166659606725 successfully.
 !-Required slot 'mod_stock' on 5ae08f0a5acfc408fb1398a1 was empty
 !-Weapon 5ae08f0a5acfc408fb1398a1 was generated incorrectly, see error above
 !-Could not locate ammo to use for 5ae08f0a5acfc408fb1398a1, falling back to default -> 5887431f2459777e1612938f
 !-Magazine with tpl 5ae0973a5acfc4001562206c had no ammo
 .-[32;1mGenerated: 1 bots. (8ms)
 .-Loaded profile for AID AID7806d4ac2df6166659606725 successfully.
 !-Tried to load session AIDe348b9f16df2166659228559 but it wasn't cached, loading.
 .-Loaded dialogues for AID AIDe348b9f16df2166659228559 successfully.
 !-Required slot 'mod_barrel' on 61f7c9e189e6fb1a5e3ea78d was empty
 !-Weapon 61f7c9e189e6fb1a5e3ea78d was generated incorrectly, see error above
 !-Could not locate ammo to use for 61f7c9e189e6fb1a5e3ea78d, falling back to default -> 5e023d34e8a400319a28ed44
 !-Generated weapon with tpl 61f7c9e189e6fb1a5e3ea78d had no magazine
 .-[32;1mGenerated: 1 bots. (4ms)
 .-Loaded profile for AID AIDe348b9f16df2166659228559 successfully.
 !-Tried to load session AIDf0bfe9a50a77166659116391 but it wasn't cached, loading.
 .-Loaded dialogues for AID AIDf0bfe9a50a77166659116391 successfully.
 !-Required slot 'mod_barrel' on 61f7c9e189e6fb1a5e3ea78d was empty
 !-Weapon 61f7c9e189e6fb1a5e3ea78d was generated incorrectly, see error above
 !-Could not locate ammo to use for 61f7c9e189e6fb1a5e3ea78d, falling back to default -> 5e023d34e8a400319a28ed44
 !-Generated weapon with tpl 61f7c9e189e6fb1a5e3ea78d had no magazine
 .-[32;1mGenerated: 1 bots. (5ms)
 .-Loaded profile for AID AIDf0bfe9a50a77166659116391 successfully.
 .-HTTPS Server listening on 127.0.0.1:443
 .-WebSocket listening on 127.0.0.1:444
