 !-Tried to load session AID7806d4ac2df6166659606725 but it wasn't cached, loading.
 .-Loaded dialogues for AID AID7806d4ac2df6166659606725 successfully.
 !-Required slot 'mod_magazine' on 60db29ce99594040e04c4a27 was empty
 !-Weapon 60db29ce99594040e04c4a27 was generated incorrectly, see error above
 !-Could not locate ammo to use for 60db29ce99594040e04c4a27, falling back to default -> 560d5e524bdc2d25448b4571
 !-Magazine with tpl 60dc519adf4c47305f6d410d had no ammo
 .-[32;1mGenerated: 1 bots. (12ms)
 .-Loaded profile for AID AID7806d4ac2df6166659606725 successfully.
 !-Tried to load session AIDe348b9f16df2166659228559 but it wasn't cached, loading.
 .-Loaded dialogues for AID AIDe348b9f16df2166659228559 successfully.
 .-[32;1mGenerated: 1 bots. (12ms)
 .-Loaded profile for AID AIDe348b9f16df2166659228559 successfully.
 !-Tried to load session AIDf0bfe9a50a77166659116391 but it wasn't cached, loading.
 .-Loaded dialogues for AID AIDf0bfe9a50a77166659116391 successfully.
 !-Required slot 'mod_barrel' on 61f7c9e189e6fb1a5e3ea78d was empty
 !-Weapon 61f7c9e189e6fb1a5e3ea78d was generated incorrectly, see error above
 !-Could not locate ammo to use for 61f7c9e189e6fb1a5e3ea78d, falling back to default -> 5e023d34e8a400319a28ed44
 !-Generated weapon with tpl 61f7c9e189e6fb1a5e3ea78d had no magazine
 .-[32;1mGenerated: 1 bots. (5ms)
 .-Loaded profile for AID AIDf0bfe9a50a77166659116391 successfully.
 .-HTTPS Server listening on 127.0.0.1:443
 .-WebSocket listening on 127.0.0.1:444
 .-127.0.0.1::undefined::POST::/launcher/profile/login
 .-Login AID7806d4ac2df6166659606725 Successful
