 !-Tried to load session AIDc8b5746ce933166711661018 but it wasn't cached, loading.
 .-Loaded dialogues for AID AIDc8b5746ce933166711661018 successfully.
 !-Required slot 'mod_stock' on 5ae08f0a5acfc408fb1398a1 was empty
 !-Weapon 5ae08f0a5acfc408fb1398a1 was generated incorrectly, see error above
 !-Could not locate ammo to use for 5ae08f0a5acfc408fb1398a1, falling back to default -> 5887431f2459777e1612938f
 !-Magazine with tpl 5ae0973a5acfc4001562206c had no ammo
 .-[32;1mGenerated: 1 bots. (11ms)
 .-Loaded profile for AID AIDc8b5746ce933166711661018 successfully.
 .-HTTPS Server listening on 127.0.0.1:443
 .-WebSocket listening on 127.0.0.1:444
 .-Registering New account AID8ea6bd3379cc166717919369.
 !-TypeError: Expected data to stringify
 !-Profile file for session ID AID8ea6bd3379cc166717919369 not found.
 .-Registering New account AID8ea6bd3379cc166717919369.
 !-TypeError: Expected data to stringify
 .-Registering New account AID8ea6bd3379cc166717919369.
 !-TypeError: Expected data to stringify
 .-Registering New account AID8ea6bd3379cc166717919369.
 !-TypeError: Expected data to stringify
 .-Registering New account AID8ea6bd3379cc166717919369.
 !-TypeError: Expected data to stringify
 .-Registering New account AID8ea6bd3379cc166717919369.
 !-TypeError: Expected data to stringify
 .-Registering New account AID8ea6bd3379cc166717919369.
 !-TypeError: Expected data to stringify
 .-Registering New account AID8ea6bd3379cc166717919369.
 !-TypeError: Expected data to stringify
